{"name": "test_Checkout", "status": "broken", "statusDetails": {"message": "selenium.common.exceptions.NoSuchElementException: Message: no such element: Unable to locate element: {\"method\":\"xpath\",\"selector\":\"/html/body/div/div[1]/p[1]\"}\n  (Session info: chrome=115.0.5790.110); For documentation on this error, please visit: https://www.selenium.dev/documentation/webdriver/troubleshooting/errors#no-such-element-exception\nStacktrace:\nBacktrace:\n\tGetHandleVerifier [0x00E0A813+48355]\n\t(No symbol) [0x00D9C4B1]\n\t(No symbol) [0x00CA5358]\n\t(No symbol) [0x00CD09A5]\n\t(No symbol) [0x00CD0B3B]\n\t(No symbol) [0x00CFE232]\n\t(No symbol) [0x00CEA784]\n\t(No symbol) [0x00CFC922]\n\t(No symbol) [0x00CEA536]\n\t(No symbol) [0x00CC82DC]\n\t(No symbol) [0x00CC93DD]\n\tGetHandleVerifier [0x0106AABD+2539405]\n\tGetHandleVerifier [0x010AA78F+2800735]\n\tGetHandleVerifier [0x010A456C+2775612]\n\tGetHandleVerifier [0x00E951E0+616112]\n\t(No symbol) [0x00DA5F8C]\n\t(No symbol) [0x00DA2328]\n\t(No symbol) [0x00DA240B]\n\t(No symbol) [0x00D94FF7]\n\tBaseThreadInitThunk [0x75FC00C9+25]\n\tRtlGetAppContainerNamedObjectPath [0x77D47B1E+286]\n\tRtlGetAppContainerNamedObjectPath [0x77D47AEE+238]", "trace": "self = <test_file_002.Test_Credence_002 object at 0x0000019887F90250>\n\n    def test_Checkout(self):\n        import time\n    \n        from selenium import webdriver\n        from selenium.webdriver.common.alert import Alert\n        from selenium.webdriver.common.by import By\n        from selenium.webdriver.support.select import Select\n    \n        # chrome_options = webdriver.ChromeOptions()\n        # chrome_options.add_argument(\"headless\")\n        #\n        # driver = webdriver.Chrome(options=chrome_options)\n        # Open browser\n        driver = webdriver.Chrome()\n        driver.maximize_window()\n        # Go to Url\n        driver.get(\"https://automation.credence.in/login\")\n        driver.find_element(By.XPATH, \"//input[@name='email']\").send_keys(\"Credencetest@test.com\")\n        driver.find_element(By.CSS_SELECTOR, \"input[id='password']\").send_keys(\"Credence@123\")\n        # Click Login button\n        driver.find_element(By.XPATH, \"//button[@type='submit']\").click()\n    \n        # Click on Product--Macbook\n        driver.find_element(By.XPATH, \"/html/body/div/div[2]/div[3]/div/div/a[2]/h3\").click()\n        # Click on add to cart\n        driver.find_element(By.XPATH, \"//input[@value='Add to Cart']\").click()\n        # Proceed to Checkout\n        driver.find_element(By.XPATH, \"//a[@class='btn btn-success btn-lg']\").click()\n        driver.implicitly_wait(10)\n        # Enter First_Name\n        driver.find_element(By.XPATH, \"//input[@id='first_name']\").send_keys(\"Credence\")\n        # Enter Last_Name\n        driver.find_element(By.XPATH, \"//input[@id='last_name']\").send_keys(\"Pune\")\n        # Enter Phone\n        driver.find_element(By.XPATH, \"//input[@id='phone']\").send_keys(\"9091929355\")\n        # Enter Address\n        driver.find_element(By.XPATH, \"//textarea[@id='address']\").send_keys(\"Dhankawdi, Pune\")\n        # Enter Zip\n        driver.find_element(By.XPATH, \"//input[@id='zip']\").send_keys(\"411013\")\n        # Select state\n        state = Select(driver.find_element(By.XPATH, \"//select[@id='state']\"))\n        state.select_by_visible_text(\"Pune\")\n        # Enter  Owner name\n        driver.find_element(By.XPATH, \"//input[@id='owner']\").send_keys(\"Tushar\")\n        # Enter CVV\n        driver.find_element(By.XPATH, \"//input[@id='cvv']\").send_keys(\"043\")\n    \n        # Select Year\n        year = Select(driver.find_element(By.XPATH, \"//select[@id='exp_year']\"))\n        year.select_by_index(2)\n    \n        # Select Month\n        month = Select(driver.find_element(By.XPATH, \"//select[@id='exp_month']\"))\n        month.select_by_index(2)\n    \n        # Enter card number\\\n        # 5281 0370 4891 6168\n        driver.find_element(By.XPATH, \"//input[@id='cardNumber']\").send_keys(\"5281\")\n        driver.find_element(By.XPATH, \"//input[@id='cardNumber']\").send_keys(\"0370\")\n        driver.find_element(By.XPATH, \"//input[@id='cardNumber']\").send_keys(\"4891\")\n        driver.find_element(By.XPATH, \"//input[@id='cardNumber']\").send_keys(\"6168\")\n        # Click on Checkout button\n        driver.find_element(By.XPATH, \"//button[@id='confirm-purchase']\").click()\n    \n>       print(driver.find_element(By.XPATH, \"/html/body/div/div[1]/p[1]\").text)\n\ntest_file_002.py:180: \n_ _ _ _ _ _ _ _ _ _ _ _ _ _ _ _ _ _ _ _ _ _ _ _ _ _ _ _ _ _ _ _ _ _ _ _ _ _ _ _ _ _ _ _ _ _ _ _ _ _ _ _ _ _ _ _ _ _ _ _ _ _ _ _ _ _ _ _ _ _ _ _ _ _ _ _ _ _ _\nC:\\Users\\DELL\\AppData\\Local\\Programs\\Python\\Python311\\Lib\\site-packages\\selenium\\webdriver\\remote\\webdriver.py:740: in find_element\n    return self.execute(Command.FIND_ELEMENT, {\"using\": by, \"value\": value})[\"value\"]\nC:\\Users\\DELL\\AppData\\Local\\Programs\\Python\\Python311\\Lib\\site-packages\\selenium\\webdriver\\remote\\webdriver.py:346: in execute\n    self.error_handler.check_response(response)\n_ _ _ _ _ _ _ _ _ _ _ _ _ _ _ _ _ _ _ _ _ _ _ _ _ _ _ _ _ _ _ _ _ _ _ _ _ _ _ _ _ _ _ _ _ _ _ _ _ _ _ _ _ _ _ _ _ _ _ _ _ _ _ _ _ _ _ _ _ _ _ _ _ _ _ _ _ _ _\n\nself = <selenium.webdriver.remote.errorhandler.ErrorHandler object at 0x0000019887F92010>\nresponse = {'status': 404, 'value': '{\"value\":{\"error\":\"no such element\",\"message\":\"no such element: Unable to locate element: {\\...\\n\\\\tRtlGetAppContainerNamedObjectPath [0x77D47B1E+286]\\\\n\\\\tRtlGetAppContainerNamedObjectPath [0x77D47AEE+238]\\\\n\"}}'}\n\n    def check_response(self, response: Dict[str, Any]) -> None:\n        \"\"\"Checks that a JSON response from the WebDriver does not have an\n        error.\n    \n        :Args:\n         - response - The JSON response from the WebDriver server as a dictionary\n           object.\n    \n        :Raises: If the response contains an error message.\n        \"\"\"\n        status = response.get(\"status\", None)\n        if not status or status == ErrorCode.SUCCESS:\n            return\n        value = None\n        message = response.get(\"message\", \"\")\n        screen: str = response.get(\"screen\", \"\")\n        stacktrace = None\n        if isinstance(status, int):\n            value_json = response.get(\"value\", None)\n            if value_json and isinstance(value_json, str):\n                import json\n    \n                try:\n                    value = json.loads(value_json)\n                    if len(value) == 1:\n                        value = value[\"value\"]\n                    status = value.get(\"error\", None)\n                    if not status:\n                        status = value.get(\"status\", ErrorCode.UNKNOWN_ERROR)\n                        message = value.get(\"value\") or value.get(\"message\")\n                        if not isinstance(message, str):\n                            value = message\n                            message = message.get(\"message\")\n                    else:\n                        message = value.get(\"message\", None)\n                except ValueError:\n                    pass\n    \n        exception_class: Type[WebDriverException]\n        if status in ErrorCode.NO_SUCH_ELEMENT:\n            exception_class = NoSuchElementException\n        elif status in ErrorCode.NO_SUCH_FRAME:\n            exception_class = NoSuchFrameException\n        elif status in ErrorCode.NO_SUCH_SHADOW_ROOT:\n            exception_class = NoSuchShadowRootException\n        elif status in ErrorCode.NO_SUCH_WINDOW:\n            exception_class = NoSuchWindowException\n        elif status in ErrorCode.STALE_ELEMENT_REFERENCE:\n            exception_class = StaleElementReferenceException\n        elif status in ErrorCode.ELEMENT_NOT_VISIBLE:\n            exception_class = ElementNotVisibleException\n        elif status in ErrorCode.INVALID_ELEMENT_STATE:\n            exception_class = InvalidElementStateException\n        elif (\n            status in ErrorCode.INVALID_SELECTOR\n            or status in ErrorCode.INVALID_XPATH_SELECTOR\n            or status in ErrorCode.INVALID_XPATH_SELECTOR_RETURN_TYPER\n        ):\n            exception_class = InvalidSelectorException\n        elif status in ErrorCode.ELEMENT_IS_NOT_SELECTABLE:\n            exception_class = ElementNotSelectableException\n        elif status in ErrorCode.ELEMENT_NOT_INTERACTABLE:\n            exception_class = ElementNotInteractableException\n        elif status in ErrorCode.INVALID_COOKIE_DOMAIN:\n            exception_class = InvalidCookieDomainException\n        elif status in ErrorCode.UNABLE_TO_SET_COOKIE:\n            exception_class = UnableToSetCookieException\n        elif status in ErrorCode.TIMEOUT:\n            exception_class = TimeoutException\n        elif status in ErrorCode.SCRIPT_TIMEOUT:\n            exception_class = TimeoutException\n        elif status in ErrorCode.UNKNOWN_ERROR:\n            exception_class = WebDriverException\n        elif status in ErrorCode.UNEXPECTED_ALERT_OPEN:\n            exception_class = UnexpectedAlertPresentException\n        elif status in ErrorCode.NO_ALERT_OPEN:\n            exception_class = NoAlertPresentException\n        elif status in ErrorCode.IME_NOT_AVAILABLE:\n            exception_class = ImeNotAvailableException\n        elif status in ErrorCode.IME_ENGINE_ACTIVATION_FAILED:\n            exception_class = ImeActivationFailedException\n        elif status in ErrorCode.MOVE_TARGET_OUT_OF_BOUNDS:\n            exception_class = MoveTargetOutOfBoundsException\n        elif status in ErrorCode.JAVASCRIPT_ERROR:\n            exception_class = JavascriptException\n        elif status in ErrorCode.SESSION_NOT_CREATED:\n            exception_class = SessionNotCreatedException\n        elif status in ErrorCode.INVALID_ARGUMENT:\n            exception_class = InvalidArgumentException\n        elif status in ErrorCode.NO_SUCH_COOKIE:\n            exception_class = NoSuchCookieException\n        elif status in ErrorCode.UNABLE_TO_CAPTURE_SCREEN:\n            exception_class = ScreenshotException\n        elif status in ErrorCode.ELEMENT_CLICK_INTERCEPTED:\n            exception_class = ElementClickInterceptedException\n        elif status in ErrorCode.INSECURE_CERTIFICATE:\n            exception_class = InsecureCertificateException\n        elif status in ErrorCode.INVALID_COORDINATES:\n            exception_class = InvalidCoordinatesException\n        elif status in ErrorCode.INVALID_SESSION_ID:\n            exception_class = InvalidSessionIdException\n        elif status in ErrorCode.UNKNOWN_METHOD:\n            exception_class = UnknownMethodException\n        else:\n            exception_class = WebDriverException\n        if not value:\n            value = response[\"value\"]\n        if isinstance(value, str):\n            raise exception_class(value)\n        if message == \"\" and \"message\" in value:\n            message = value[\"message\"]\n    \n        screen = None  # type: ignore[assignment]\n        if \"screen\" in value:\n            screen = value[\"screen\"]\n    \n        stacktrace = None\n        st_value = value.get(\"stackTrace\") or value.get(\"stacktrace\")\n        if st_value:\n            if isinstance(st_value, str):\n                stacktrace = st_value.split(\"\\n\")\n            else:\n                stacktrace = []\n                try:\n                    for frame in st_value:\n                        line = frame.get(\"lineNumber\", \"\")\n                        file = frame.get(\"fileName\", \"<anonymous>\")\n                        if line:\n                            file = f\"{file}:{line}\"\n                        meth = frame.get(\"methodName\", \"<anonymous>\")\n                        if \"className\" in frame:\n                            meth = f\"{frame['className']}.{meth}\"\n                        msg = \"    at %s (%s)\"\n                        msg = msg % (meth, file)\n                        stacktrace.append(msg)\n                except TypeError:\n                    pass\n        if exception_class == UnexpectedAlertPresentException:\n            alert_text = None\n            if \"data\" in value:\n                alert_text = value[\"data\"].get(\"text\")\n            elif \"alert\" in value:\n                alert_text = value[\"alert\"].get(\"text\")\n            raise exception_class(message, screen, stacktrace, alert_text)  # type: ignore[call-arg]  # mypy is not smart enough here\n>       raise exception_class(message, screen, stacktrace)\nE       selenium.common.exceptions.NoSuchElementException: Message: no such element: Unable to locate element: {\"method\":\"xpath\",\"selector\":\"/html/body/div/div[1]/p[1]\"}\nE         (Session info: chrome=115.0.5790.110); For documentation on this error, please visit: https://www.selenium.dev/documentation/webdriver/troubleshooting/errors#no-such-element-exception\nE       Stacktrace:\nE       Backtrace:\nE       \tGetHandleVerifier [0x00E0A813+48355]\nE       \t(No symbol) [0x00D9C4B1]\nE       \t(No symbol) [0x00CA5358]\nE       \t(No symbol) [0x00CD09A5]\nE       \t(No symbol) [0x00CD0B3B]\nE       \t(No symbol) [0x00CFE232]\nE       \t(No symbol) [0x00CEA784]\nE       \t(No symbol) [0x00CFC922]\nE       \t(No symbol) [0x00CEA536]\nE       \t(No symbol) [0x00CC82DC]\nE       \t(No symbol) [0x00CC93DD]\nE       \tGetHandleVerifier [0x0106AABD+2539405]\nE       \tGetHandleVerifier [0x010AA78F+2800735]\nE       \tGetHandleVerifier [0x010A456C+2775612]\nE       \tGetHandleVerifier [0x00E951E0+616112]\nE       \t(No symbol) [0x00DA5F8C]\nE       \t(No symbol) [0x00DA2328]\nE       \t(No symbol) [0x00DA240B]\nE       \t(No symbol) [0x00D94FF7]\nE       \tBaseThreadInitThunk [0x75FC00C9+25]\nE       \tRtlGetAppContainerNamedObjectPath [0x77D47B1E+286]\nE       \tRtlGetAppContainerNamedObjectPath [0x77D47AEE+238]\n\nC:\\Users\\DELL\\AppData\\Local\\Programs\\Python\\Python311\\Lib\\site-packages\\selenium\\webdriver\\remote\\errorhandler.py:245: NoSuchElementException"}, "start": 1690909474260, "stop": 1690909523877, "uuid": "bfa6171b-ed84-4298-bc8d-8e699dc643ba", "historyId": "6218695317e6cacbf332b2c1c0789f3f", "testCaseId": "6218695317e6cacbf332b2c1c0789f3f", "fullName": "test_file_002.Test_Credence_002#test_Checkout", "labels": [{"name": "suite", "value": "test_file_002"}, {"name": "subSuite", "value": "Test_Credence_002"}, {"name": "host", "value": "DESKTOP-UH6KNIB"}, {"name": "thread", "value": "5708-MainThread"}, {"name": "framework", "value": "pytest"}, {"name": "language", "value": "cpython3"}, {"name": "package", "value": "test_file_002"}]}